Release 9.1i - xst J.30
Copyright (c) 1995-2007 Xilinx, Inc.  All rights reserved.
--> Parameter TMPDIR set to ./xst/projnav.tmp
CPU : 0.00 / 0.36 s | Elapsed : 0.00 / 0.00 s
 
--> Parameter xsthdpdir set to ./xst
CPU : 0.00 / 0.36 s | Elapsed : 0.00 / 0.00 s
 
--> Reading design: outputlogic.prj

TABLE OF CONTENTS
  1) Synthesis Options Summary
  2) HDL Compilation
  3) Design Hierarchy Analysis
  4) HDL Analysis
  5) HDL Synthesis
     5.1) HDL Synthesis Report
  6) Advanced HDL Synthesis
     6.1) Advanced HDL Synthesis Report
  7) Low Level Synthesis
  8) Partition Report
  9) Final Report
     9.1) Device utilization summary
     9.2) Partition Resource Summary
     9.3) TIMING REPORT


=========================================================================
*                      Synthesis Options Summary                        *
=========================================================================
---- Source Parameters
Input File Name                    : "outputlogic.prj"
Input Format                       : mixed
Ignore Synthesis Constraint File   : NO

---- Target Parameters
Output File Name                   : "outputlogic"
Output Format                      : NGC
Target Device                      : xc3s50-4-pq208

---- Source Options
Top Module Name                    : outputlogic
Automatic FSM Extraction           : YES
FSM Encoding Algorithm             : Auto
Safe Implementation                : No
FSM Style                          : lut
RAM Extraction                     : Yes
RAM Style                          : Auto
ROM Extraction                     : Yes
Mux Style                          : Auto
Decoder Extraction                 : YES
Priority Encoder Extraction        : YES
Shift Register Extraction          : YES
Logical Shifter Extraction         : YES
XOR Collapsing                     : YES
ROM Style                          : Auto
Mux Extraction                     : YES
Resource Sharing                   : YES
Asynchronous To Synchronous        : NO
Multiplier Style                   : auto
Automatic Register Balancing       : No

---- Target Options
Add IO Buffers                     : YES
Global Maximum Fanout              : 500
Add Generic Clock Buffer(BUFG)     : 8
Register Duplication               : YES
Slice Packing                      : YES
Optimize Instantiated Primitives   : NO
Use Clock Enable                   : Yes
Use Synchronous Set                : Yes
Use Synchronous Reset              : Yes
Pack IO Registers into IOBs        : auto
Equivalent register Removal        : YES

---- General Options
Optimization Goal                  : Speed
Optimization Effort                : 1
Library Search Order               : outputlogic.lso
Keep Hierarchy                     : NO
RTL Output                         : Yes
Global Optimization                : AllClockNets
Read Cores                         : YES
Write Timing Constraints           : NO
Cross Clock Analysis               : NO
Hierarchy Separator                : /
Bus Delimiter                      : <>
Case Specifier                     : maintain
Slice Utilization Ratio            : 100
BRAM Utilization Ratio             : 100
Verilog 2001                       : YES
Auto BRAM Packing                  : NO
Slice Utilization Ratio Delta      : 5

=========================================================================


=========================================================================
*                          HDL Compilation                              *
=========================================================================
Compiling verilog file "outputlogic.v" in library work
Module <outputlogic> compiled
No errors in compilation
Analysis of file <"outputlogic.prj"> succeeded.
 

=========================================================================
*                     Design Hierarchy Analysis                         *
=========================================================================
Analyzing hierarchy for module <outputlogic> in library <work> with parameters.
	BEQEX = "00000000000000000000000000001011"
	DECODE = "00000000000000000000000000000100"
	FETCH1 = "00000000000000000000000000000000"
	FETCH2 = "00000000000000000000000000000001"
	FETCH3 = "00000000000000000000000000000010"
	FETCH4 = "00000000000000000000000000000011"
	JEX = "00000000000000000000000000001100"
	LBRD = "00000000000000000000000000000110"
	LBWR = "00000000000000000000000000000111"
	MEMADR = "00000000000000000000000000000101"
	RTYPEEX = "00000000000000000000000000001001"
	RTYPEWR = "00000000000000000000000000001010"
	SBWR = "00000000000000000000000000001000"


=========================================================================
*                            HDL Analysis                               *
=========================================================================
Analyzing top module <outputlogic>.
	FETCH1 = 32'sb00000000000000000000000000000000
	FETCH2 = 32'sb00000000000000000000000000000001
	FETCH3 = 32'sb00000000000000000000000000000010
	FETCH4 = 32'sb00000000000000000000000000000011
	DECODE = 32'sb00000000000000000000000000000100
	MEMADR = 32'sb00000000000000000000000000000101
	LBRD = 32'sb00000000000000000000000000000110
	LBWR = 32'sb00000000000000000000000000000111
	SBWR = 32'sb00000000000000000000000000001000
	RTYPEEX = 32'sb00000000000000000000000000001001
	RTYPEWR = 32'sb00000000000000000000000000001010
	BEQEX = 32'sb00000000000000000000000000001011
	JEX = 32'sb00000000000000000000000000001100
Module <outputlogic> is correct for synthesis.
 

=========================================================================
*                           HDL Synthesis                               *
=========================================================================

Performing bidirectional port resolution...

Synthesizing Unit <outputlogic>.
    Related source file is "outputlogic.v".
Unit <outputlogic> synthesized.


=========================================================================
HDL Synthesis Report

Found no macro
=========================================================================

=========================================================================
*                       Advanced HDL Synthesis                          *
=========================================================================

Loading device for application Rf_Device from file '3s50.nph' in environment C:\Xilinx91i.

=========================================================================
Advanced HDL Synthesis Report

Found no macro
=========================================================================

=========================================================================
*                         Low Level Synthesis                           *
=========================================================================

Optimizing unit <outputlogic> ...

Mapping all equations...
Building and optimizing final netlist ...
Found area constraint ratio of 100 (+ 5) on block outputlogic, actual ratio is 1.

Final Macro Processing ...

=========================================================================
Final Register Report

Found no macro
=========================================================================

=========================================================================
*                          Partition Report                             *
=========================================================================

Partition Implementation Status
-------------------------------

  No Partitions were found in this design.

-------------------------------

=========================================================================
*                            Final Report                               *
=========================================================================
Final Results
RTL Top Level Output File Name     : outputlogic.ngr
Top Level Output File Name         : outputlogic
Output Format                      : NGC
Optimization Goal                  : Speed
Keep Hierarchy                     : NO

Design Statistics
# IOs                              : 23

Cell Usage :
# BELS                             : 17
#      LUT3                        : 1
#      LUT4                        : 16
# IO Buffers                       : 23
#      IBUF                        : 4
#      OBUF                        : 19
=========================================================================

Device utilization summary:
---------------------------

Selected Device : 3s50pq208-4 

 Number of Slices:                       9  out of    768     1%  
 Number of 4 input LUTs:                17  out of   1536     1%  
 Number of IOs:                         23
 Number of bonded IOBs:                 23  out of    124    18%  

---------------------------
Partition Resource Summary:
---------------------------

  No Partitions were found in this design.

---------------------------


=========================================================================
TIMING REPORT

NOTE: THESE TIMING NUMBERS ARE ONLY A SYNTHESIS ESTIMATE.
      FOR ACCURATE TIMING INFORMATION PLEASE REFER TO THE TRACE REPORT
      GENERATED AFTER PLACE-and-ROUTE.

Clock Information:
------------------
No clock signals found in this design

Asynchronous Control Signals Information:
----------------------------------------
No asynchronous control signals found in this design

Timing Summary:
---------------
Speed Grade: -4

   Minimum period: No path found
   Minimum input arrival time before clock: No path found
   Maximum output required time after clock: No path found
   Maximum combinational path delay: 9.607ns

Timing Detail:
--------------
All values displayed in nanoseconds (ns)

=========================================================================
Timing constraint: Default path analysis
  Total number of paths / destination ports: 75 / 19
-------------------------------------------------------------------------
Delay:               9.607ns (Levels of Logic = 3)
  Source:            state<3> (PAD)
  Destination:       branch (PAD)

  Data Path: state<3> to branch
                                Gate     Net
    Cell:in->out      fanout   Delay   Delay  Logical Name (Net Name)
    ----------------------------------------  ------------
     IBUF:I->O            17   0.821   1.684  state_3_IBUF (state_3_IBUF)
     LUT4:I0->O            3   0.551   0.907  aluop<0>11 (aluop_0_OBUF)
     OBUF:I->O                 5.644          branch_OBUF (branch)
    ----------------------------------------
    Total                      9.607ns (7.016ns logic, 2.591ns route)
                                       (73.0% logic, 27.0% route)

=========================================================================
CPU : 3.80 / 4.17 s | Elapsed : 4.00 / 4.00 s
 
--> 

Total memory usage is 135556 kilobytes

Number of errors   :    0 (   0 filtered)
Number of warnings :    0 (   0 filtered)
Number of infos    :    0 (   0 filtered)

