 command line:
   ./check_v_isim_beh.exe
     -intstyle  ise
     -ipchost  localhost
     -ipcport  1118

Tue Feb 14 05:48:46 2017

Total Line Count : 49

 Elaboration time : 0.078125 sec.

 Estimate current memory usage : 117.363 Meg. 

 Total Signals          : 11
 Total Nets             : 17
 Total Signal Drivers   : 5
 Total Blocks           : 3
 Total Primitive Blocks : 2
 Total Processes        : 8
 Total Traceable Variables  : 18
 Total Scalar Nets and Variables : 104
ntrace select -o on -m / -l this 
ntrace start 
run 1000 ns 
Simulator is doing circuit initialization process.
Finished circuit initialization process.

 Simulation time 0.328125 sec.

 Estimate current memory usage : 123.654 Meg. 

Tue Feb 14 05:50:10 2017

