 command line:
   ./mux4check_v_isim_beh.exe
     -intstyle  ise
     -ipchost  localhost
     -ipcport  1216

Sat Feb 18 07:19:01 2017

Total Line Count : 62

 Elaboration time : 0.015625 sec.

 Estimate current memory usage : 117.367 Meg. 

 Total Signals          : 15
 Total Nets             : 50
 Total Signal Drivers   : 9
 Total Blocks           : 3
 Total Primitive Blocks : 2
 Total Processes        : 13
 Total Traceable Variables  : 23
 Total Scalar Nets and Variables : 171
ntrace select -o on -n /mux4check_v/y 
ntrace select -o on -n /mux4check_v/s 
ntrace select -o on -n /mux4check_v/d0 
ntrace select -o on -n /mux4check_v/d1 
ntrace select -o on -n /mux4check_v/d2 
ntrace select -o on -n /mux4check_v/d3 
ntrace start 
run 1000 ns 
Simulator is doing circuit initialization process.
Finished circuit initialization process.

 Simulation time 0.046875 sec.

 Estimate current memory usage : 123.658 Meg. 

Sat Feb 18 07:20:59 2017

