 command line:
   ./addercheck_v_isim_beh.exe
     -intstyle  ise
     -ipchost  localhost
     -ipcport  1084

Fri Feb 10 01:07:35 2017

Total Line Count : 57

 Elaboration time : 0.09375 sec.

 Estimate current memory usage : 117.363 Meg. 

 Total Signals          : 14
 Total Nets             : 41
 Total Signal Drivers   : 8
 Total Blocks           : 3
 Total Primitive Blocks : 2
 Total Processes        : 11
 Total Traceable Variables  : 20
 Total Scalar Nets and Variables : 137
ntrace select -o on -m / -l this 
ntrace start 
run 1000 ns 
Simulator is doing circuit initialization process.
Finished circuit initialization process.

 Simulation time 0.296875 sec.

 Estimate current memory usage : 123.654 Meg. 

Fri Feb 10 01:12:46 2017

