Release 14.5 - xst P.58f (nt64)
Copyright (c) 1995-2012 Xilinx, Inc.  All rights reserved.
--> Parameter TMPDIR set to xst/projnav.tmp


Total REAL time to Xst completion: 0.00 secs
Total CPU time to Xst completion: 0.14 secs
 
--> Parameter xsthdpdir set to xst


Total REAL time to Xst completion: 0.00 secs
Total CPU time to Xst completion: 0.14 secs
 
--> Reading design: controller.prj

TABLE OF CONTENTS
  1) Synthesis Options Summary
  2) HDL Parsing
  3) HDL Elaboration
  4) HDL Synthesis
       4.1) HDL Synthesis Report
  5) Advanced HDL Synthesis
       5.1) Advanced HDL Synthesis Report
  6) Low Level Synthesis
  7) Partition Report
  8) Design Summary
       8.1) Primitive and Black Box Usage
       8.2) Device utilization summary
       8.3) Partition Resource Summary
       8.4) Timing Report
            8.4.1) Clock Information
            8.4.2) Asynchronous Control Signals Information
            8.4.3) Timing Summary
            8.4.4) Timing Details
            8.4.5) Cross Clock Domains Report


=========================================================================
*                      Synthesis Options Summary                        *
=========================================================================
---- Source Parameters
Input File Name                    : "controller.prj"
Ignore Synthesis Constraint File   : NO

---- Target Parameters
Output File Name                   : "controller"
Output Format                      : NGC
Target Device                      : xc7a100t-3-csg324

---- Source Options
Top Module Name                    : controller
Automatic FSM Extraction           : YES
FSM Encoding Algorithm             : Auto
Safe Implementation                : No
FSM Style                          : LUT
RAM Extraction                     : Yes
RAM Style                          : Auto
ROM Extraction                     : Yes
Shift Register Extraction          : YES
ROM Style                          : Auto
Resource Sharing                   : YES
Asynchronous To Synchronous        : NO
Shift Register Minimum Size        : 2
Use DSP Block                      : Auto
Automatic Register Balancing       : No

---- Target Options
LUT Combining                      : Auto
Reduce Control Sets                : Auto
Add IO Buffers                     : YES
Global Maximum Fanout              : 100000
Add Generic Clock Buffer(BUFG)     : 32
Register Duplication               : YES
Optimize Instantiated Primitives   : NO
Use Clock Enable                   : Auto
Use Synchronous Set                : Auto
Use Synchronous Reset              : Auto
Pack IO Registers into IOBs        : Auto
Equivalent register Removal        : YES

---- General Options
Optimization Goal                  : Speed
Optimization Effort                : 1
Power Reduction                    : NO
Keep Hierarchy                     : No
Netlist Hierarchy                  : As_Optimized
RTL Output                         : Yes
Global Optimization                : AllClockNets
Read Cores                         : YES
Write Timing Constraints           : NO
Cross Clock Analysis               : NO
Hierarchy Separator                : /
Bus Delimiter                      : <>
Case Specifier                     : Maintain
Slice Utilization Ratio            : 100
BRAM Utilization Ratio             : 100
DSP48 Utilization Ratio            : 100
Auto BRAM Packing                  : NO
Slice Utilization Ratio Delta      : 5

=========================================================================


=========================================================================
*                          HDL Parsing                                  *
=========================================================================
Analyzing Verilog file "C:\Users\dell\Desktop\vlsiproject\statelogic\statelogic.v" into library work
Parsing module <statelogic>.
Analyzing Verilog file "C:\Users\dell\Desktop\vlsiproject\outputlogic\outputlogic.v" into library work
Parsing module <outputlogic>.
Analyzing Verilog file "C:\Users\dell\Desktop\vlsiproject\aludec\aludec.v" into library work
Parsing module <aludec>.
Analyzing Verilog file "C:\Users\dell\Desktop\vlsiproject\ccontroller\controller.v" into library work
Parsing module <controller>.

=========================================================================
*                            HDL Elaboration                            *
=========================================================================

Elaborating module <controller>.

Elaborating module <statelogic>.

Elaborating module <outputlogic>.

Elaborating module <aludec>.

=========================================================================
*                           HDL Synthesis                               *
=========================================================================

Synthesizing Unit <controller>.
    Related source file is "C:\Users\dell\Desktop\vlsiproject\ccontroller\controller.v".
    Summary:
	no macro.
Unit <controller> synthesized.

Synthesizing Unit <statelogic>.
    Related source file is "C:\Users\dell\Desktop\vlsiproject\statelogic\statelogic.v".
        FETCH1 = 0
        FETCH2 = 1
        FETCH3 = 2
        FETCH4 = 3
        DECODE = 4
        MEMADR = 5
        LBRD = 6
        LBWR = 7
        SBWR = 8
        RTYPEEX = 9
        RTYPEWR = 10
        BEQEX = 11
        JEX = 12
        LB = 6'b100000
        SB = 6'b101000
        RTYPE = 0
        BEQ = 4
        J = 2
    Found 6-bit register for signal <state>.
    Found finite state machine <FSM_0> for signal <state>.
    -----------------------------------------------------------------------
    | States             | 13                                             |
    | Transitions        | 28                                             |
    | Inputs             | 8                                              |
    | Outputs            | 4                                              |
    | Clock              | clk (rising_edge)                              |
    | Reset              | reset (positive)                               |
    | Reset type         | synchronous                                    |
    | Reset State        | 000000                                         |
    | Encoding           | auto                                           |
    | Implementation     | LUT                                            |
    -----------------------------------------------------------------------
    Summary:
	inferred   1 Finite State Machine(s).
Unit <statelogic> synthesized.

Synthesizing Unit <outputlogic>.
    Related source file is "C:\Users\dell\Desktop\vlsiproject\outputlogic\outputlogic.v".
        FETCH1 = 0
        FETCH2 = 1
        FETCH3 = 2
        FETCH4 = 3
        DECODE = 4
        MEMADR = 5
        LBRD = 6
        LBWR = 7
        SBWR = 8
        RTYPEEX = 9
        RTYPEWR = 10
        BEQEX = 11
        JEX = 12
    Summary:
	inferred   4 Multiplexer(s).
Unit <outputlogic> synthesized.

Synthesizing Unit <aludec>.
    Related source file is "C:\Users\dell\Desktop\vlsiproject\aludec\aludec.v".
        ADD = 6'b100000
        SUB = 6'b100010
        AND = 6'b100100
        OR = 6'b100101
        SLT = 6'b101010
    Summary:
	no macro.
Unit <aludec> synthesized.

=========================================================================
HDL Synthesis Report

Macro Statistics
# Multiplexers                                         : 4
 2-bit 2-to-1 multiplexer                              : 3
 4-bit 2-to-1 multiplexer                              : 1
# FSMs                                                 : 1

=========================================================================

=========================================================================
*                       Advanced HDL Synthesis                          *
=========================================================================


=========================================================================
Advanced HDL Synthesis Report

Macro Statistics
# Multiplexers                                         : 4
 2-bit 2-to-1 multiplexer                              : 3
 4-bit 2-to-1 multiplexer                              : 1
# FSMs                                                 : 1

=========================================================================

=========================================================================
*                         Low Level Synthesis                           *
=========================================================================
Analyzing FSM <MFsm> for best encoding.
Optimizing FSM <statelog/FSM_0> on signal <state[1:6]> with user encoding.
--------------------
 State  | Encoding
--------------------
 000000 | 000000
 000001 | 000001
 000010 | 000010
 000011 | 000011
 000100 | 000100
 000101 | 000101
 001001 | 001001
 001011 | 001011
 001100 | 001100
 000110 | 000110
 001000 | 001000
 000111 | 000111
 001010 | 001010
--------------------

Optimizing unit <controller> ...

Optimizing unit <statelogic> ...

Mapping all equations...
Building and optimizing final netlist ...
Found area constraint ratio of 100 (+ 5) on block controller, actual ratio is 0.

Final Macro Processing ...

=========================================================================
Final Register Report

Macro Statistics
# Registers                                            : 4
 Flip-Flops                                            : 4

=========================================================================

=========================================================================
*                           Partition Report                            *
=========================================================================

Partition Implementation Status
-------------------------------

  No Partitions were found in this design.

-------------------------------

=========================================================================
*                            Design Summary                             *
=========================================================================

Top Level Output File Name         : controller.ngc

Primitive and Black Box Usage:
------------------------------
# BELS                             : 33
#      LUT3                        : 4
#      LUT4                        : 14
#      LUT5                        : 3
#      LUT6                        : 12
# FlipFlops/Latches                : 4
#      FD                          : 2
#      FDR                         : 2
# Clock Buffers                    : 1
#      BUFGP                       : 1
# IO Buffers                       : 33
#      IBUF                        : 14
#      OBUF                        : 19

Device utilization summary:
---------------------------

Selected Device : 7a100tcsg324-3 


Slice Logic Utilization: 
 Number of Slice Registers:               4  out of  126800     0%  
 Number of Slice LUTs:                   33  out of  63400     0%  
    Number used as Logic:                33  out of  63400     0%  

Slice Logic Distribution: 
 Number of LUT Flip Flop pairs used:     33
   Number with an unused Flip Flop:      29  out of     33    87%  
   Number with an unused LUT:             0  out of     33     0%  
   Number of fully used LUT-FF pairs:     4  out of     33    12%  
   Number of unique control sets:         2

IO Utilization: 
 Number of IOs:                          34
 Number of bonded IOBs:                  34  out of    210    16%  

Specific Feature Utilization:
 Number of BUFG/BUFGCTRL/BUFHCEs:         1  out of    128     0%  

---------------------------
Partition Resource Summary:
---------------------------

  No Partitions were found in this design.

---------------------------


=========================================================================
Timing Report

NOTE: THESE TIMING NUMBERS ARE ONLY A SYNTHESIS ESTIMATE.
      FOR ACCURATE TIMING INFORMATION PLEASE REFER TO THE TRACE REPORT
      GENERATED AFTER PLACE-and-ROUTE.

Clock Information:
------------------
-----------------------------------+------------------------+-------+
Clock Signal                       | Clock buffer(FF name)  | Load  |
-----------------------------------+------------------------+-------+
clk                                | BUFGP                  | 4     |
-----------------------------------+------------------------+-------+

Asynchronous Control Signals Information:
----------------------------------------
No asynchronous control signals found in this design

Timing Summary:
---------------
Speed Grade: -3

   Minimum period: 1.461ns (Maximum Frequency: 684.650MHz)
   Minimum input arrival time before clock: 2.005ns
   Maximum output required time after clock: 2.138ns
   Maximum combinational path delay: 1.550ns

Timing Details:
---------------
All values displayed in nanoseconds (ns)

=========================================================================
Timing constraint: Default period analysis for Clock 'clk'
  Clock period: 1.461ns (frequency: 684.650MHz)
  Total number of paths / destination ports: 16 / 4
-------------------------------------------------------------------------
Delay:               1.461ns (Levels of Logic = 2)
  Source:            statelog/state_FSM_FFd6 (FF)
  Destination:       statelog/state_FSM_FFd3 (FF)
  Source Clock:      clk rising
  Destination Clock: clk rising

  Data Path: statelog/state_FSM_FFd6 to statelog/state_FSM_FFd3
                                Gate     Net
    Cell:in->out      fanout   Delay   Delay  Logical Name (Net Name)
    ----------------------------------------  ------------
     FD:C->Q              21   0.361   0.602  statelog/state_FSM_FFd6 (statelog/state_FSM_FFd6)
     LUT6:I3->O            1   0.097   0.295  statelog/state_FSM_FFd3-In2 (statelog/state_FSM_FFd3-In2)
     LUT3:I2->O            1   0.097   0.000  statelog/state_FSM_FFd3_rstpot (statelog/state_FSM_FFd3_rstpot)
     FD:D                      0.008          statelog/state_FSM_FFd3
    ----------------------------------------
    Total                      1.461ns (0.563ns logic, 0.898ns route)
                                       (38.5% logic, 61.5% route)

=========================================================================
Timing constraint: Default OFFSET IN BEFORE for Clock 'clk'
  Total number of paths / destination ports: 46 / 6
-------------------------------------------------------------------------
Offset:              2.005ns (Levels of Logic = 4)
  Source:            op<3> (PAD)
  Destination:       statelog/state_FSM_FFd3 (FF)
  Destination Clock: clk rising

  Data Path: op<3> to statelog/state_FSM_FFd3
                                Gate     Net
    Cell:in->out      fanout   Delay   Delay  Logical Name (Net Name)
    ----------------------------------------  ------------
     IBUF:I->O             6   0.001   0.716  op_3_IBUF (op_3_IBUF)
     LUT6:I0->O            1   0.097   0.693  statelog/state_FSM_FFd3-In2_SW0 (N2)
     LUT6:I0->O            1   0.097   0.295  statelog/state_FSM_FFd3-In2 (statelog/state_FSM_FFd3-In2)
     LUT3:I2->O            1   0.097   0.000  statelog/state_FSM_FFd3_rstpot (statelog/state_FSM_FFd3_rstpot)
     FD:D                      0.008          statelog/state_FSM_FFd3
    ----------------------------------------
    Total                      2.005ns (0.300ns logic, 1.705ns route)
                                       (15.0% logic, 85.0% route)

=========================================================================
Timing constraint: Default OFFSET OUT AFTER for Clock 'clk'
  Total number of paths / destination ports: 75 / 19
-------------------------------------------------------------------------
Offset:              2.138ns (Levels of Logic = 3)
  Source:            statelog/state_FSM_FFd4 (FF)
  Destination:       alucontrol<2> (PAD)
  Source Clock:      clk rising

  Data Path: statelog/state_FSM_FFd4 to alucontrol<2>
                                Gate     Net
    Cell:in->out      fanout   Delay   Delay  Logical Name (Net Name)
    ----------------------------------------  ------------
     FDR:C->Q             22   0.361   0.607  statelog/state_FSM_FFd4 (statelog/state_FSM_FFd4)
     LUT3:I0->O            2   0.097   0.697  outputlog/out11 (outputlog/out1)
     LUT6:I0->O            1   0.097   0.279  ac/_n0042<0>1 (alucontrol_0_OBUF)
     OBUF:I->O                 0.000          alucontrol_0_OBUF (alucontrol<0>)
    ----------------------------------------
    Total                      2.138ns (0.555ns logic, 1.583ns route)
                                       (26.0% logic, 74.0% route)

=========================================================================
Timing constraint: Default path analysis
  Total number of paths / destination ports: 19 / 4
-------------------------------------------------------------------------
Delay:               1.550ns (Levels of Logic = 4)
  Source:            funct<4> (PAD)
  Destination:       alucontrol<2> (PAD)

  Data Path: funct<4> to alucontrol<2>
                                Gate     Net
    Cell:in->out      fanout   Delay   Delay  Logical Name (Net Name)
    ----------------------------------------  ------------
     IBUF:I->O             2   0.001   0.515  funct_4_IBUF (funct_4_IBUF)
     LUT3:I0->O            2   0.097   0.561  ac/alucontrol<1>111 (ac/alucontrol<1>11)
     LUT6:I2->O            1   0.097   0.279  ac/_n0042<0>1 (alucontrol_0_OBUF)
     OBUF:I->O                 0.000          alucontrol_0_OBUF (alucontrol<0>)
    ----------------------------------------
    Total                      1.550ns (0.195ns logic, 1.355ns route)
                                       (12.6% logic, 87.4% route)

=========================================================================

Cross Clock Domains Report:
--------------------------

Clock to Setup on destination clock clk
---------------+---------+---------+---------+---------+
               | Src:Rise| Src:Fall| Src:Rise| Src:Fall|
Source Clock   |Dest:Rise|Dest:Rise|Dest:Fall|Dest:Fall|
---------------+---------+---------+---------+---------+
clk            |    1.461|         |         |         |
---------------+---------+---------+---------+---------+

=========================================================================


Total REAL time to Xst completion: 16.00 secs
Total CPU time to Xst completion: 16.21 secs
 
--> 

Total memory usage is 445048 kilobytes

Number of errors   :    0 (   0 filtered)
Number of warnings :    0 (   0 filtered)
Number of infos    :    0 (   0 filtered)

