 command line:
   ./check_v_isim_beh.exe
     -intstyle  ise
     -ipchost  localhost
     -ipcport  6923

Sat Apr 01 06:12:09 2017

Total Line Count : 197

 Elaboration time : 0 sec.

 Estimate current memory usage : 132.78 Meg. 

 Total Signals          : 62
 Total Nets             : 52
 Total Signal Drivers   : 24
 Total Blocks           : 6
 Total Primitive Blocks : 4
 Total Processes        : 17
 Total Traceable Variables  : 59
 Total Scalar Nets and Variables : 1122
ntrace select -o on -n /check_v/regdst 
ntrace select -o on -n /check_v/pcsrc 
ntrace select -o on -n /check_v/regwrite 
ntrace select -o on -n /check_v/memwrite 
ntrace select -o on -n /check_v/pcen 
ntrace select -o on -n /check_v/memtoreg 
ntrace select -o on -n /check_v/memread 
ntrace select -o on -n /check_v/irwrite 
ntrace select -o on -n /check_v/iord 
ntrace select -o on -n /check_v/alusrca 
ntrace select -o on -n /check_v/alusrcb 
ntrace select -o on -n /check_v/alucontrol 
ntrace select -o on -n /check_v/clk 
ntrace select -o on -n /check_v/op 
ntrace select -o on -n /check_v/funct 
ntrace select -o on -n /check_v/zero 
ntrace select -o on -n /check_v/reset 
ntrace start 
run 1000 ns 
Simulator is doing circuit initialization process.
Finished circuit initialization process.

 Simulation time 0.0468 sec.

 Estimate current memory usage : 141.169 Meg. 

Sat Apr 01 06:15:38 2017

